<?xml version="1.0" encoding="UTF-8"?>
<!-- Generated by org.testng.reporters.JUnitXMLReporter -->
<testsuite ignored="0" hostname="DESKTOP-O507CMC" failures="0" tests="3" name="Test-1" time="50.327" errors="0" timestamp="2024-01-12T14:56:17 IST">
  <testcase classname="com.shubham.projects.AppTest.BaseTest" name="@BeforeClass setup" time="40.247">
    <failure type="java.lang.ClassCastException" message="class org.openqa.selenium.remote.RemoteWebDriver cannot be cast to class io.appium.java_client.android.AndroidDriver (org.openqa.selenium.remote.RemoteWebDriver and io.appium.java_client.android.AndroidDriver are in unnamed module of loader &amp;apos;app&amp;apos;)">
      <![CDATA[java.lang.ClassCastException: class org.openqa.selenium.remote.RemoteWebDriver cannot be cast to class io.appium.java_client.android.AndroidDriver (org.openqa.selenium.remote.RemoteWebDriver and io.appium.java_client.android.AndroidDriver are in unnamed module of loader 'app')
at com.shubham.projects.AppTest.BaseTest.intialize(BaseTest.java:66)
at com.shubham.projects.AppTest.BaseTest.setup(BaseTest.java:75)
at java.base/java.util.ArrayList.forEach(ArrayList.java:1511)
at java.base/java.util.concurrent.FutureTask.run(FutureTask.java:317)
at java.base/java.util.concurrent.ThreadPoolExecutor.runWorker(ThreadPoolExecutor.java:1144)
at java.base/java.util.concurrent.ThreadPoolExecutor$Worker.run(ThreadPoolExecutor.java:642)
at java.base/java.lang.Thread.run(Thread.java:1623)
... Removed 13 stack frames]]>
    </failure>
  </testcase> <!-- @BeforeClass setup -->
  <testcase classname="com.shubham.projects.AppTest.BaseTest" name="@AfterClass TearDown" time="10.096">
    <failure type="java.lang.NullPointerException" message="Cannot invoke &amp;quot;io.appium.java_client.android.AndroidDriver.quit()&amp;quot; because &amp;quot;this.driver&amp;quot; is null">
      <![CDATA[java.lang.NullPointerException: Cannot invoke "io.appium.java_client.android.AndroidDriver.quit()" because "this.driver" is null
at com.shubham.projects.AppTest.BaseTest.TearDown(BaseTest.java:94)
at java.base/java.util.ArrayList.forEach(ArrayList.java:1511)
at java.base/java.util.concurrent.FutureTask.run(FutureTask.java:317)
at java.base/java.util.concurrent.ThreadPoolExecutor.runWorker(ThreadPoolExecutor.java:1144)
at java.base/java.util.concurrent.ThreadPoolExecutor$Worker.run(ThreadPoolExecutor.java:642)
at java.base/java.lang.Thread.run(Thread.java:1623)
... Removed 14 stack frames]]>
    </failure>
  </testcase> <!-- @AfterClass TearDown -->
  <testcase classname="com.shubham.projects.AppTest.AddListTest" name="AddListtest" time="0.0">
    <skipped/>
  </testcase> <!-- AddListtest -->
  <testcase classname="com.shubham.projects.AppTest.AddListTest" name="EditListtest" time="0.0">
    <skipped/>
  </testcase> <!-- EditListtest -->
  <testcase classname="com.shubham.projects.AppTest.AddListTest" name="DeleteListtest" time="0.0">
    <skipped/>
  </testcase> <!-- DeleteListtest -->
</testsuite> <!-- Test-1 -->
